<?xml version="1.0" encoding="UTF-8"?>
<!-- Generated by org.testng.reporters.JUnitReportReporter -->
<testsuite hostname="DESKTOP-LS03I5T" failures="0" tests="3" name="com.JioMart.Tests.ValidTest" time="22.531" errors="0" timestamp="2024-02-07T11:52:58 IST" skipped="0">
  <testcase classname="com.JioMart.Tests.ValidTest" name="initiateTest" time="3.010"/>
  <system-out/>
  <testcase classname="com.JioMart.Tests.ValidTest" name="navigateToHomePage" time="8.421"/>
  <system-out/>
  <testcase classname="com.JioMart.Tests.ValidTest" name="navigateToSmartPhonePage" time="11.100"/>
  <system-out/>
</testsuite> <!-- com.JioMart.Tests.ValidTest -->
